{"method":"OPTIONS","url":"/v1/users/getCurrentUser","statusCode":204,"responseTime":"22ms","timestamp":"2024-09-26T11:14:31.453Z","ip":"::1"}
{"method":"OPTIONS","url":"/v1/users/getCurrentUser","statusCode":204,"responseTime":"1ms","timestamp":"2024-09-26T11:14:31.457Z","ip":"::1"}
{"method":"GET","url":"/v1/users/serverStat","statusCode":304,"responseTime":"60ms","timestamp":"2024-09-26T11:14:31.522Z","ip":"::1"}
{"method":"GET","url":"/v1/users/getCurrentUser","statusCode":304,"responseTime":"56ms","timestamp":"2024-09-26T11:14:31.525Z","ip":"::1"}
{"method":"OPTIONS","url":"/uploads/profile/ComfyUI_00021_.png-1727343982382.png","statusCode":204,"responseTime":"1ms","timestamp":"2024-09-26T11:14:31.534Z","ip":"::1"}
{"method":"OPTIONS","url":"/uploads/profile/ComfyUI_00021_.png-1727343982382.png","statusCode":204,"responseTime":"0ms","timestamp":"2024-09-26T11:14:31.536Z","ip":"::1"}
{"method":"OPTIONS","url":"/uploads/profile/ComfyUI_00021_.png-1727343982382.png","statusCode":204,"responseTime":"0ms","timestamp":"2024-09-26T11:14:31.540Z","ip":"::1"}
{"method":"OPTIONS","url":"/uploads/profile/ComfyUI_00021_.png-1727343982382.png","statusCode":204,"responseTime":"0ms","timestamp":"2024-09-26T11:14:31.541Z","ip":"::1"}
{"method":"GET","url":"/uploads/profile/ComfyUI_00021_.png-1727343982382.png","statusCode":304,"responseTime":"2ms","timestamp":"2024-09-26T11:14:31.544Z","ip":"::1"}
{"method":"GET","url":"/uploads/profile/ComfyUI_00021_.png-1727343982382.png","statusCode":304,"responseTime":"1ms","timestamp":"2024-09-26T11:14:31.547Z","ip":"::1"}
{"method":"GET","url":"/uploads/profile/ComfyUI_00021_.png-1727343982382.png","statusCode":304,"responseTime":"2ms","timestamp":"2024-09-26T11:14:31.555Z","ip":"::1"}
{"method":"GET","url":"/uploads/profile/ComfyUI_00021_.png-1727343982382.png","statusCode":304,"responseTime":"1ms","timestamp":"2024-09-26T11:14:31.557Z","ip":"::1"}
{"method":"GET","url":"/v1/users/serverStat","statusCode":304,"responseTime":"50ms","timestamp":"2024-09-26T11:14:31.576Z","ip":"::1"}
{"method":"GET","url":"/v1/users/getCurrentUser","statusCode":304,"responseTime":"52ms","timestamp":"2024-09-26T11:14:31.579Z","ip":"::1"}
{"method":"GET","url":"/uploads/profile/ComfyUI_00021_.png-1727343982382.png","statusCode":304,"responseTime":"1ms","timestamp":"2024-09-26T11:14:31.596Z","ip":"::1"}
{"method":"GET","url":"/uploads/profile/ComfyUI_00021_.png-1727343982382.png","statusCode":304,"responseTime":"1ms","timestamp":"2024-09-26T11:14:31.598Z","ip":"::1"}
{"method":"OPTIONS","url":"/v1/visitor/currentVisitors","statusCode":204,"responseTime":"1ms","timestamp":"2024-09-26T11:15:51.377Z","ip":"::1"}
{"method":"OPTIONS","url":"/v1/users","statusCode":204,"responseTime":"1ms","timestamp":"2024-09-26T11:15:51.384Z","ip":"::1"}
{"method":"OPTIONS","url":"/v1/visitor","statusCode":204,"responseTime":"1ms","timestamp":"2024-09-26T11:15:51.386Z","ip":"::1"}
{"method":"OPTIONS","url":"/v1/users","statusCode":204,"responseTime":"1ms","timestamp":"2024-09-26T11:15:51.391Z","ip":"::1"}
{"method":"OPTIONS","url":"/v1/visitor/currentVisitors","statusCode":204,"responseTime":"1ms","timestamp":"2024-09-26T11:15:51.395Z","ip":"::1"}
{"method":"OPTIONS","url":"/v1/visitor","statusCode":204,"responseTime":"0ms","timestamp":"2024-09-26T11:15:51.397Z","ip":"::1"}
{"method":"GET","url":"/v1/users","statusCode":304,"responseTime":"53ms","timestamp":"2024-09-26T11:15:51.452Z","ip":"::1"}
{"method":"GET","url":"/v1/visitor/currentVisitors","statusCode":304,"responseTime":"55ms","timestamp":"2024-09-26T11:15:51.457Z","ip":"::1"}
{"method":"GET","url":"/v1/users","statusCode":304,"responseTime":"53ms","timestamp":"2024-09-26T11:15:51.506Z","ip":"::1"}
{"method":"GET","url":"/v1/visitor/currentVisitors","statusCode":304,"responseTime":"52ms","timestamp":"2024-09-26T11:15:51.511Z","ip":"::1"}
{"method":"GET","url":"/v1/visitor","statusCode":304,"responseTime":"479ms","timestamp":"2024-09-26T11:15:51.884Z","ip":"::1"}
{"method":"GET","url":"/v1/visitor","statusCode":304,"responseTime":"100ms","timestamp":"2024-09-26T11:15:51.987Z","ip":"::1"}
{"method":"GET","url":"/v1/visitor","statusCode":304,"responseTime":"102ms","timestamp":"2024-09-26T11:15:52.093Z","ip":"::1"}
{"method":"GET","url":"/v1/visitor","statusCode":304,"responseTime":"100ms","timestamp":"2024-09-26T11:15:52.197Z","ip":"::1"}
{"method":"OPTIONS","url":"/v1/visitor/66f53ae26386866d19cdea6c","statusCode":204,"responseTime":"1ms","timestamp":"2024-09-26T11:15:57.640Z","ip":"::1"}
{"method":"OPTIONS","url":"/v1/visitor/66f53ae26386866d19cdea6c/66f53ae26386866d19cdea6d","statusCode":204,"responseTime":"1ms","timestamp":"2024-09-26T11:15:57.643Z","ip":"::1"}
{"method":"OPTIONS","url":"/v1/visitor/66f53ae26386866d19cdea6c/66f53ae26386866d19cdea6d","statusCode":204,"responseTime":"0ms","timestamp":"2024-09-26T11:15:57.645Z","ip":"::1"}
{"method":"OPTIONS","url":"/v1/visitor/66f53ae26386866d19cdea6c","statusCode":204,"responseTime":"1ms","timestamp":"2024-09-26T11:15:57.648Z","ip":"::1"}
{"method":"GET","url":"/v1/visitor/66f53ae26386866d19cdea6c","statusCode":304,"responseTime":"153ms","timestamp":"2024-09-26T11:15:57.803Z","ip":"::1"}
{"method":"GET","url":"/v1/visitor/66f53ae26386866d19cdea6c","statusCode":304,"responseTime":"150ms","timestamp":"2024-09-26T11:15:57.959Z","ip":"::1"}
{"method":"GET","url":"/v1/visitor/66f53ae26386866d19cdea6c/66f53ae26386866d19cdea6d","statusCode":200,"responseTime":"2111ms","timestamp":"2024-09-26T11:15:59.765Z","ip":"::1"}
{"method":"OPTIONS","url":"/v1/visitor/66f53ae26386866d19cdea6c/66f53ae26386866d19cdea6d","statusCode":204,"responseTime":"1ms","timestamp":"2024-09-26T11:16:00.974Z","ip":"::1"}
{"method":"GET","url":"/v1/visitor/66f53ae26386866d19cdea6c/66f53ae26386866d19cdea6d","statusCode":304,"responseTime":"2109ms","timestamp":"2024-09-26T11:16:01.879Z","ip":"::1"}
{"method":"PUT","url":"/v1/visitor/66f53ae26386866d19cdea6c/66f53ae26386866d19cdea6d","statusCode":200,"responseTime":"282ms","timestamp":"2024-09-26T11:16:02.179Z","ip":"::1"}
{"method":"OPTIONS","url":"/v1/visitor/currentVisitors","statusCode":204,"responseTime":"1ms","timestamp":"2024-09-26T11:18:42.604Z","ip":"::1"}
{"method":"OPTIONS","url":"/v1/users","statusCode":204,"responseTime":"0ms","timestamp":"2024-09-26T11:18:42.611Z","ip":"::1"}
{"method":"OPTIONS","url":"/v1/visitor","statusCode":204,"responseTime":"1ms","timestamp":"2024-09-26T11:18:42.613Z","ip":"::1"}
{"method":"OPTIONS","url":"/v1/users","statusCode":204,"responseTime":"1ms","timestamp":"2024-09-26T11:18:42.615Z","ip":"::1"}
{"method":"OPTIONS","url":"/v1/visitor/currentVisitors","statusCode":204,"responseTime":"0ms","timestamp":"2024-09-26T11:18:42.616Z","ip":"::1"}
{"method":"OPTIONS","url":"/v1/visitor","statusCode":204,"responseTime":"1ms","timestamp":"2024-09-26T11:18:42.619Z","ip":"::1"}
{"method":"GET","url":"/v1/visitor/currentVisitors","statusCode":200,"responseTime":"49ms","timestamp":"2024-09-26T11:18:42.669Z","ip":"::1"}
{"method":"GET","url":"/v1/users","statusCode":304,"responseTime":"52ms","timestamp":"2024-09-26T11:18:42.674Z","ip":"::1"}
{"method":"GET","url":"/v1/visitor/currentVisitors","statusCode":304,"responseTime":"48ms","timestamp":"2024-09-26T11:18:42.723Z","ip":"::1"}
{"method":"GET","url":"/v1/visitor","statusCode":200,"responseTime":"102ms","timestamp":"2024-09-26T11:18:42.726Z","ip":"::1"}
{"method":"GET","url":"/v1/visitor","statusCode":304,"responseTime":"103ms","timestamp":"2024-09-26T11:18:42.834Z","ip":"::1"}
{"method":"GET","url":"/v1/visitor","statusCode":304,"responseTime":"101ms","timestamp":"2024-09-26T11:18:42.937Z","ip":"::1"}
{"method":"GET","url":"/v1/users","statusCode":304,"responseTime":"477ms","timestamp":"2024-09-26T11:18:43.154Z","ip":"::1"}
{"method":"GET","url":"/v1/visitor","statusCode":304,"responseTime":"97ms","timestamp":"2024-09-26T11:18:43.255Z","ip":"::1"}
{"method":"GET","url":"/v1/users","statusCode":304,"responseTime":"52ms","timestamp":"2024-09-26T11:18:43.948Z","ip":"::1"}
{"method":"GET","url":"/v1/users","statusCode":304,"responseTime":"50ms","timestamp":"2024-09-26T11:18:44.001Z","ip":"::1"}
{"method":"GET","url":"/v1/users","statusCode":304,"responseTime":"52ms","timestamp":"2024-09-26T11:18:44.055Z","ip":"::1"}
{"method":"OPTIONS","url":"/v1/users/66f5338de8c35e8affb22b85","statusCode":204,"responseTime":"1ms","timestamp":"2024-09-26T11:18:47.315Z","ip":"::1"}
{"method":"OPTIONS","url":"/v1/users/66f5338de8c35e8affb22b85","statusCode":204,"responseTime":"1ms","timestamp":"2024-09-26T11:18:47.318Z","ip":"::1"}
{"method":"GET","url":"/v1/users/66f5338de8c35e8affb22b85","statusCode":304,"responseTime":"1055ms","timestamp":"2024-09-26T11:18:48.374Z","ip":"::1"}
{"method":"OPTIONS","url":"/uploads/profile/ComfyUI_00008_.png-1727345549100.png","statusCode":204,"responseTime":"1ms","timestamp":"2024-09-26T11:18:48.383Z","ip":"::1"}
{"method":"GET","url":"/uploads/profile/ComfyUI_00008_.png-1727345549100.png","statusCode":304,"responseTime":"3ms","timestamp":"2024-09-26T11:18:48.390Z","ip":"::1"}
{"method":"GET","url":"/v1/users/66f5338de8c35e8affb22b85","statusCode":304,"responseTime":"1053ms","timestamp":"2024-09-26T11:18:49.432Z","ip":"::1"}
{"method":"GET","url":"/uploads/profile/ComfyUI_00008_.png-1727345549100.png","statusCode":304,"responseTime":"1ms","timestamp":"2024-09-26T11:18:49.437Z","ip":"::1"}
{"method":"OPTIONS","url":"/v1/users/66f5338de8c35e8affb22b85","statusCode":204,"responseTime":"4ms","timestamp":"2024-09-26T11:19:23.388Z","ip":"::1"}
{"method":"PATCH","url":"/v1/users/66f5338de8c35e8affb22b85","statusCode":200,"responseTime":"66ms","timestamp":"2024-09-26T11:19:23.459Z","ip":"::1"}
{"method":"OPTIONS","url":"/v1/users/66f5338de8c35e8affb22b85","statusCode":204,"responseTime":"5ms","timestamp":"2024-09-26T11:19:58.565Z","ip":"::1"}
{"method":"PATCH","url":"/v1/users/66f5338de8c35e8affb22b85","statusCode":200,"responseTime":"118ms","timestamp":"2024-09-26T11:19:58.687Z","ip":"::1"}
{"method":"OPTIONS","url":"/v1/users/66f5338de8c35e8affb22b85","statusCode":204,"responseTime":"4ms","timestamp":"2024-09-26T11:20:46.626Z","ip":"::1"}
{"method":"PATCH","url":"/v1/users/66f5338de8c35e8affb22b85","statusCode":200,"responseTime":"121ms","timestamp":"2024-09-26T11:20:46.751Z","ip":"::1"}
{"method":"PATCH","url":"/v1/users/66f5338de8c35e8affb22b85","statusCode":200,"responseTime":"102ms","timestamp":"2024-09-26T11:20:48.292Z","ip":"::1"}
{"method":"OPTIONS","url":"/v1/users/66f5338de8c35e8affb22b85","statusCode":204,"responseTime":"4ms","timestamp":"2024-09-26T11:21:28.465Z","ip":"::1"}
{"method":"PATCH","url":"/v1/users/66f5338de8c35e8affb22b85","statusCode":200,"responseTime":"168ms","timestamp":"2024-09-26T11:21:28.636Z","ip":"::1"}
{"method":"OPTIONS","url":"/uploads/profile/ComfyUI_00008_.png-1727345549100.png","statusCode":204,"responseTime":"0ms","timestamp":"2024-09-26T11:21:28.641Z","ip":"::1"}
{"method":"GET","url":"/uploads/profile/ComfyUI_00008_.png-1727345549100.png","statusCode":304,"responseTime":"2ms","timestamp":"2024-09-26T11:21:28.645Z","ip":"::1"}
{"method":"OPTIONS","url":"/v1/users/66f5338de8c35e8affb22b85","statusCode":204,"responseTime":"4ms","timestamp":"2024-09-26T11:27:31.715Z","ip":"::1"}
{"method":"PATCH","url":"/v1/users/66f5338de8c35e8affb22b85","statusCode":200,"responseTime":"100ms","timestamp":"2024-09-26T11:27:31.817Z","ip":"::1"}
{"method":"OPTIONS","url":"/uploads/profile/ComfyUI_00008_.png-1727345549100.png","statusCode":204,"responseTime":"1ms","timestamp":"2024-09-26T11:27:31.822Z","ip":"::1"}
{"method":"GET","url":"/uploads/profile/ComfyUI_00008_.png-1727345549100.png","statusCode":304,"responseTime":"3ms","timestamp":"2024-09-26T11:27:31.825Z","ip":"::1"}
{"method":"PATCH","url":"/v1/users/66f5338de8c35e8affb22b85","statusCode":200,"responseTime":"129ms","timestamp":"2024-09-26T11:27:36.543Z","ip":"::1"}
{"method":"GET","url":"/uploads/profile/ComfyUI_00008_.png-1727345549100.png","statusCode":304,"responseTime":"3ms","timestamp":"2024-09-26T11:27:36.550Z","ip":"::1"}
{"method":"OPTIONS","url":"/v1/users","statusCode":204,"responseTime":"1ms","timestamp":"2024-09-26T11:27:39.844Z","ip":"::1"}
{"method":"OPTIONS","url":"/v1/users","statusCode":204,"responseTime":"1ms","timestamp":"2024-09-26T11:27:39.851Z","ip":"::1"}
{"method":"GET","url":"/v1/users","statusCode":200,"responseTime":"43ms","timestamp":"2024-09-26T11:27:39.889Z","ip":"::1"}
{"method":"GET","url":"/v1/users","statusCode":304,"responseTime":"44ms","timestamp":"2024-09-26T11:27:39.935Z","ip":"::1"}
{"method":"GET","url":"/v1/users","statusCode":304,"responseTime":"41ms","timestamp":"2024-09-26T11:27:39.977Z","ip":"::1"}
{"method":"OPTIONS","url":"/uploads/profile/ComfyUI_00008_.png-1727345549100.png","statusCode":204,"responseTime":"1ms","timestamp":"2024-09-26T11:27:41.428Z","ip":"::1"}
{"method":"OPTIONS","url":"/v1/users/66f52fbe2fd1c7b3f627e137","statusCode":204,"responseTime":"0ms","timestamp":"2024-09-26T11:27:41.431Z","ip":"::1"}
{"method":"GET","url":"/uploads/profile/ComfyUI_00008_.png-1727345549100.png","statusCode":304,"responseTime":"6ms","timestamp":"2024-09-26T11:27:41.439Z","ip":"::1"}
{"method":"OPTIONS","url":"/v1/users/66f52fbe2fd1c7b3f627e137","statusCode":204,"responseTime":"0ms","timestamp":"2024-09-26T11:27:41.441Z","ip":"::1"}
{"method":"OPTIONS","url":"/uploads/profile/ComfyUI_00008_.png-1727345549100.png","statusCode":204,"responseTime":"1ms","timestamp":"2024-09-26T11:27:41.444Z","ip":"::1"}
{"method":"GET","url":"/uploads/profile/ComfyUI_00008_.png-1727345549100.png","statusCode":304,"responseTime":"2ms","timestamp":"2024-09-26T11:27:41.451Z","ip":"::1"}
{"method":"GET","url":"/v1/users/66f52fbe2fd1c7b3f627e137","statusCode":304,"responseTime":"1055ms","timestamp":"2024-09-26T11:27:42.490Z","ip":"::1"}
{"method":"OPTIONS","url":"/uploads/profile/ComfyUI_00018_.png-1727344574246.png","statusCode":204,"responseTime":"0ms","timestamp":"2024-09-26T11:27:42.500Z","ip":"::1"}
{"method":"GET","url":"/uploads/profile/ComfyUI_00018_.png-1727344574246.png","statusCode":304,"responseTime":"2ms","timestamp":"2024-09-26T11:27:42.505Z","ip":"::1"}
{"method":"GET","url":"/v1/users/66f52fbe2fd1c7b3f627e137","statusCode":304,"responseTime":"1056ms","timestamp":"2024-09-26T11:27:43.551Z","ip":"::1"}
{"method":"GET","url":"/uploads/profile/ComfyUI_00018_.png-1727344574246.png","statusCode":304,"responseTime":"3ms","timestamp":"2024-09-26T11:27:43.585Z","ip":"::1"}
{"method":"OPTIONS","url":"/v1/users","statusCode":204,"responseTime":"1ms","timestamp":"2024-09-26T11:27:45.306Z","ip":"::1"}
{"method":"OPTIONS","url":"/v1/users","statusCode":204,"responseTime":"1ms","timestamp":"2024-09-26T11:27:45.313Z","ip":"::1"}
{"method":"GET","url":"/v1/users","statusCode":304,"responseTime":"41ms","timestamp":"2024-09-26T11:27:45.350Z","ip":"::1"}
{"method":"GET","url":"/v1/users","statusCode":304,"responseTime":"40ms","timestamp":"2024-09-26T11:27:45.392Z","ip":"::1"}
{"method":"GET","url":"/v1/users","statusCode":304,"responseTime":"39ms","timestamp":"2024-09-26T11:27:45.433Z","ip":"::1"}
{"method":"OPTIONS","url":"/v1/users/66f5338de8c35e8affb22b85","statusCode":204,"responseTime":"1ms","timestamp":"2024-09-26T11:27:46.598Z","ip":"::1"}
{"method":"OPTIONS","url":"/v1/users/66f5338de8c35e8affb22b85","statusCode":204,"responseTime":"1ms","timestamp":"2024-09-26T11:27:46.601Z","ip":"::1"}
{"method":"GET","url":"/uploads/profile/ComfyUI_00018_.png-1727344574246.png","statusCode":304,"responseTime":"6ms","timestamp":"2024-09-26T11:27:46.609Z","ip":"::1"}
{"method":"GET","url":"/uploads/profile/ComfyUI_00018_.png-1727344574246.png","statusCode":304,"responseTime":"2ms","timestamp":"2024-09-26T11:27:46.613Z","ip":"::1"}
{"method":"GET","url":"/v1/users/66f5338de8c35e8affb22b85","statusCode":200,"responseTime":"1056ms","timestamp":"2024-09-26T11:27:47.662Z","ip":"::1"}
{"method":"OPTIONS","url":"/uploads/profile/ComfyUI_00008_.png-1727345549100.png","statusCode":204,"responseTime":"0ms","timestamp":"2024-09-26T11:27:47.672Z","ip":"::1"}
{"method":"GET","url":"/uploads/profile/ComfyUI_00008_.png-1727345549100.png","statusCode":304,"responseTime":"1ms","timestamp":"2024-09-26T11:27:47.681Z","ip":"::1"}
{"method":"GET","url":"/v1/users/66f5338de8c35e8affb22b85","statusCode":304,"responseTime":"1053ms","timestamp":"2024-09-26T11:27:48.720Z","ip":"::1"}
{"method":"GET","url":"/uploads/profile/ComfyUI_00008_.png-1727345549100.png","statusCode":304,"responseTime":"1ms","timestamp":"2024-09-26T11:27:48.727Z","ip":"::1"}
{"method":"OPTIONS","url":"/v1/users/66f5338de8c35e8affb22b85","statusCode":204,"responseTime":"0ms","timestamp":"2024-09-26T11:27:56.894Z","ip":"::1"}
{"method":"PATCH","url":"/v1/users/66f5338de8c35e8affb22b85","statusCode":200,"responseTime":"78ms","timestamp":"2024-09-26T11:27:56.975Z","ip":"::1"}
{"method":"OPTIONS","url":"/v1/users/66f5338de8c35e8affb22b85","statusCode":204,"responseTime":"6ms","timestamp":"2024-09-26T11:28:15.509Z","ip":"::1"}
{"method":"PATCH","url":"/v1/users/66f5338de8c35e8affb22b85","statusCode":200,"responseTime":"360ms","timestamp":"2024-09-26T11:28:15.871Z","ip":"::1"}
{"method":"OPTIONS","url":"/uploads/profile/ComfyUI_00008_.png-1727345549100.png","statusCode":204,"responseTime":"0ms","timestamp":"2024-09-26T11:28:15.875Z","ip":"::1"}
{"method":"GET","url":"/uploads/profile/ComfyUI_00008_.png-1727345549100.png","statusCode":304,"responseTime":"2ms","timestamp":"2024-09-26T11:28:15.878Z","ip":"::1"}
{"method":"OPTIONS","url":"/v1/users/66f5338de8c35e8affb22b85","statusCode":204,"responseTime":"0ms","timestamp":"2024-09-26T11:28:21.158Z","ip":"::1"}
{"method":"PATCH","url":"/v1/users/66f5338de8c35e8affb22b85","statusCode":200,"responseTime":"79ms","timestamp":"2024-09-26T11:28:21.240Z","ip":"::1"}
{"method":"PATCH","url":"/v1/users/66f5338de8c35e8affb22b85","statusCode":200,"responseTime":"88ms","timestamp":"2024-09-26T11:28:22.661Z","ip":"::1"}
{"method":"PATCH","url":"/v1/users/66f5338de8c35e8affb22b85","statusCode":200,"responseTime":"78ms","timestamp":"2024-09-26T11:28:23.387Z","ip":"::1"}
{"method":"PATCH","url":"/v1/users/66f5338de8c35e8affb22b85","statusCode":200,"responseTime":"80ms","timestamp":"2024-09-26T11:28:24.061Z","ip":"::1"}
{"method":"PATCH","url":"/v1/users/66f5338de8c35e8affb22b85","statusCode":200,"responseTime":"78ms","timestamp":"2024-09-26T11:28:24.651Z","ip":"::1"}
{"method":"OPTIONS","url":"/v1/users/66f5338de8c35e8affb22b85","statusCode":204,"responseTime":"5ms","timestamp":"2024-09-26T11:30:44.535Z","ip":"::1"}
{"method":"PATCH","url":"/v1/users/66f5338de8c35e8affb22b85","statusCode":200,"responseTime":"96ms","timestamp":"2024-09-26T11:30:44.633Z","ip":"::1"}
{"method":"PATCH","url":"/v1/users/66f5338de8c35e8affb22b85","statusCode":200,"responseTime":"82ms","timestamp":"2024-09-26T11:30:45.826Z","ip":"::1"}
{"method":"PATCH","url":"/v1/users/66f5338de8c35e8affb22b85","statusCode":200,"responseTime":"79ms","timestamp":"2024-09-26T11:30:49.224Z","ip":"::1"}
{"method":"OPTIONS","url":"/v1/users/66f5338de8c35e8affb22b85","statusCode":204,"responseTime":"0ms","timestamp":"2024-09-26T11:30:50.241Z","ip":"::1"}
{"method":"PATCH","url":"/v1/users/66f5338de8c35e8affb22b85","statusCode":200,"responseTime":"82ms","timestamp":"2024-09-26T11:30:50.326Z","ip":"::1"}
{"method":"PATCH","url":"/v1/users/66f5338de8c35e8affb22b85","statusCode":200,"responseTime":"105ms","timestamp":"2024-09-26T11:30:52.169Z","ip":"::1"}
{"method":"PATCH","url":"/v1/users/66f5338de8c35e8affb22b85","statusCode":200,"responseTime":"108ms","timestamp":"2024-09-26T11:30:53.005Z","ip":"::1"}
{"method":"OPTIONS","url":"/v1/users/66f5338de8c35e8affb22b85","statusCode":204,"responseTime":"1ms","timestamp":"2024-09-26T11:30:58.722Z","ip":"::1"}
{"method":"PATCH","url":"/v1/users/66f5338de8c35e8affb22b85","statusCode":200,"responseTime":"78ms","timestamp":"2024-09-26T11:30:58.802Z","ip":"::1"}
{"method":"OPTIONS","url":"/v1/users/66f5338de8c35e8affb22b85","statusCode":204,"responseTime":"1ms","timestamp":"2024-09-26T11:31:06.307Z","ip":"::1"}
{"method":"PATCH","url":"/v1/users/66f5338de8c35e8affb22b85","statusCode":200,"responseTime":"80ms","timestamp":"2024-09-26T11:31:06.391Z","ip":"::1"}
{"method":"OPTIONS","url":"/v1/users/66f5338de8c35e8affb22b85","statusCode":204,"responseTime":"1ms","timestamp":"2024-09-26T11:31:12.369Z","ip":"::1"}
{"method":"PATCH","url":"/v1/users/66f5338de8c35e8affb22b85","statusCode":200,"responseTime":"80ms","timestamp":"2024-09-26T11:31:12.453Z","ip":"::1"}
{"method":"OPTIONS","url":"/v1/users/66f5338de8c35e8affb22b85","statusCode":204,"responseTime":"4ms","timestamp":"2024-09-26T11:31:24.867Z","ip":"::1"}
{"method":"PATCH","url":"/v1/users/66f5338de8c35e8affb22b85","statusCode":200,"responseTime":"92ms","timestamp":"2024-09-26T11:31:24.961Z","ip":"::1"}
{"method":"PATCH","url":"/v1/users/66f5338de8c35e8affb22b85","statusCode":200,"responseTime":"87ms","timestamp":"2024-09-26T11:31:29.090Z","ip":"::1"}
{"method":"OPTIONS","url":"/uploads/profile/ComfyUI_00008_.png-1727345549100.png","statusCode":204,"responseTime":"1ms","timestamp":"2024-09-26T11:31:29.094Z","ip":"::1"}
{"method":"GET","url":"/uploads/profile/ComfyUI_00008_.png-1727345549100.png","statusCode":304,"responseTime":"2ms","timestamp":"2024-09-26T11:31:29.097Z","ip":"::1"}
{"method":"OPTIONS","url":"/v1/users","statusCode":204,"responseTime":"0ms","timestamp":"2024-09-26T11:31:48.861Z","ip":"::1"}
{"method":"OPTIONS","url":"/v1/users","statusCode":204,"responseTime":"1ms","timestamp":"2024-09-26T11:31:48.864Z","ip":"::1"}
{"method":"GET","url":"/v1/users","statusCode":200,"responseTime":"43ms","timestamp":"2024-09-26T11:31:48.912Z","ip":"::1"}
{"method":"GET","url":"/v1/users","statusCode":304,"responseTime":"39ms","timestamp":"2024-09-26T11:31:48.954Z","ip":"::1"}
{"method":"GET","url":"/v1/users","statusCode":304,"responseTime":"40ms","timestamp":"2024-09-26T11:31:48.996Z","ip":"::1"}
{"method":"OPTIONS","url":"/v1/users/66f5338de8c35e8affb22b85","statusCode":204,"responseTime":"1ms","timestamp":"2024-09-26T11:31:49.957Z","ip":"::1"}
{"method":"OPTIONS","url":"/uploads/profile/ComfyUI_00008_.png-1727345549100.png","statusCode":204,"responseTime":"1ms","timestamp":"2024-09-26T11:31:49.960Z","ip":"::1"}
{"method":"OPTIONS","url":"/v1/users/66f5338de8c35e8affb22b85","statusCode":204,"responseTime":"1ms","timestamp":"2024-09-26T11:31:49.963Z","ip":"::1"}
{"method":"OPTIONS","url":"/uploads/profile/ComfyUI_00008_.png-1727345549100.png","statusCode":204,"responseTime":"1ms","timestamp":"2024-09-26T11:31:49.966Z","ip":"::1"}
{"method":"GET","url":"/uploads/profile/ComfyUI_00008_.png-1727345549100.png","statusCode":304,"responseTime":"3ms","timestamp":"2024-09-26T11:31:49.974Z","ip":"::1"}
{"method":"GET","url":"/uploads/profile/ComfyUI_00008_.png-1727345549100.png","statusCode":304,"responseTime":"2ms","timestamp":"2024-09-26T11:31:49.978Z","ip":"::1"}
{"method":"GET","url":"/v1/users/66f5338de8c35e8affb22b85","statusCode":200,"responseTime":"1047ms","timestamp":"2024-09-26T11:31:51.014Z","ip":"::1"}
{"method":"GET","url":"/uploads/profile/ComfyUI_00008_.png-1727345549100.png","statusCode":304,"responseTime":"1ms","timestamp":"2024-09-26T11:31:51.034Z","ip":"::1"}
{"method":"GET","url":"/v1/users/66f5338de8c35e8affb22b85","statusCode":304,"responseTime":"1044ms","timestamp":"2024-09-26T11:31:52.074Z","ip":"::1"}
{"method":"GET","url":"/uploads/profile/ComfyUI_00008_.png-1727345549100.png","statusCode":304,"responseTime":"2ms","timestamp":"2024-09-26T11:31:52.080Z","ip":"::1"}
{"method":"GET","url":"/v1/users","statusCode":304,"responseTime":"42ms","timestamp":"2024-09-26T11:31:52.371Z","ip":"::1"}
{"method":"GET","url":"/v1/users","statusCode":304,"responseTime":"40ms","timestamp":"2024-09-26T11:31:52.416Z","ip":"::1"}
{"method":"GET","url":"/v1/users","statusCode":304,"responseTime":"41ms","timestamp":"2024-09-26T11:31:52.459Z","ip":"::1"}
{"method":"OPTIONS","url":"/v1/users/66f52fbe2fd1c7b3f627e137","statusCode":204,"responseTime":"1ms","timestamp":"2024-09-26T11:31:53.213Z","ip":"::1"}
{"method":"OPTIONS","url":"/v1/users/66f52fbe2fd1c7b3f627e137","statusCode":204,"responseTime":"1ms","timestamp":"2024-09-26T11:31:53.217Z","ip":"::1"}
{"method":"GET","url":"/uploads/profile/ComfyUI_00008_.png-1727345549100.png","statusCode":304,"responseTime":"7ms","timestamp":"2024-09-26T11:31:53.222Z","ip":"::1"}
{"method":"GET","url":"/uploads/profile/ComfyUI_00008_.png-1727345549100.png","statusCode":304,"responseTime":"2ms","timestamp":"2024-09-26T11:31:53.227Z","ip":"::1"}
{"method":"GET","url":"/v1/users/66f52fbe2fd1c7b3f627e137","statusCode":304,"responseTime":"1049ms","timestamp":"2024-09-26T11:31:54.268Z","ip":"::1"}
{"method":"OPTIONS","url":"/uploads/profile/ComfyUI_00018_.png-1727344574246.png","statusCode":204,"responseTime":"1ms","timestamp":"2024-09-26T11:31:54.288Z","ip":"::1"}
{"method":"GET","url":"/uploads/profile/ComfyUI_00018_.png-1727344574246.png","statusCode":304,"responseTime":"2ms","timestamp":"2024-09-26T11:31:54.293Z","ip":"::1"}
{"method":"GET","url":"/v1/users/66f52fbe2fd1c7b3f627e137","statusCode":304,"responseTime":"1044ms","timestamp":"2024-09-26T11:31:55.327Z","ip":"::1"}
{"method":"GET","url":"/uploads/profile/ComfyUI_00018_.png-1727344574246.png","statusCode":304,"responseTime":"1ms","timestamp":"2024-09-26T11:31:55.338Z","ip":"::1"}
{"method":"OPTIONS","url":"/v1/visitor/currentVisitors","statusCode":204,"responseTime":"1ms","timestamp":"2024-09-26T11:32:34.209Z","ip":"::1"}
{"method":"OPTIONS","url":"/v1/users","statusCode":204,"responseTime":"1ms","timestamp":"2024-09-26T11:32:34.214Z","ip":"::1"}
{"method":"OPTIONS","url":"/v1/users","statusCode":204,"responseTime":"0ms","timestamp":"2024-09-26T11:32:34.223Z","ip":"::1"}
{"method":"OPTIONS","url":"/v1/visitor","statusCode":204,"responseTime":"1ms","timestamp":"2024-09-26T11:32:34.231Z","ip":"::1"}
{"method":"OPTIONS","url":"/v1/visitor/currentVisitors","statusCode":204,"responseTime":"1ms","timestamp":"2024-09-26T11:32:34.234Z","ip":"::1"}
{"method":"OPTIONS","url":"/v1/visitor","statusCode":204,"responseTime":"1ms","timestamp":"2024-09-26T11:32:34.237Z","ip":"::1"}
{"method":"GET","url":"/v1/visitor/currentVisitors","statusCode":304,"responseTime":"44ms","timestamp":"2024-09-26T11:32:34.283Z","ip":"::1"}
{"method":"GET","url":"/v1/users","statusCode":304,"responseTime":"44ms","timestamp":"2024-09-26T11:32:34.288Z","ip":"::1"}
{"method":"GET","url":"/v1/visitor/currentVisitors","statusCode":304,"responseTime":"40ms","timestamp":"2024-09-26T11:32:34.329Z","ip":"::1"}
{"method":"GET","url":"/v1/users","statusCode":304,"responseTime":"41ms","timestamp":"2024-09-26T11:32:34.333Z","ip":"::1"}
{"method":"GET","url":"/v1/visitor","statusCode":304,"responseTime":"394ms","timestamp":"2024-09-26T11:32:34.641Z","ip":"::1"}
{"method":"GET","url":"/v1/visitor","statusCode":304,"responseTime":"83ms","timestamp":"2024-09-26T11:32:34.727Z","ip":"::1"}
{"method":"GET","url":"/v1/visitor","statusCode":304,"responseTime":"86ms","timestamp":"2024-09-26T11:32:34.815Z","ip":"::1"}
{"method":"GET","url":"/v1/visitor","statusCode":304,"responseTime":"82ms","timestamp":"2024-09-26T11:32:34.899Z","ip":"::1"}
{"method":"OPTIONS","url":"/v1/visitor?firstname=&lastname=&number=&documentId=","statusCode":204,"responseTime":"1ms","timestamp":"2024-09-26T11:32:35.324Z","ip":"::1"}
{"method":"OPTIONS","url":"/v1/visitor?firstname=&lastname=&number=&documentId=","statusCode":204,"responseTime":"0ms","timestamp":"2024-09-26T11:32:35.327Z","ip":"::1"}
{"method":"GET","url":"/v1/visitor?firstname=&lastname=&number=&documentId=","statusCode":200,"responseTime":"80ms","timestamp":"2024-09-26T11:32:35.409Z","ip":"::1"}
{"method":"GET","url":"/v1/visitor?firstname=&lastname=&number=&documentId=","statusCode":304,"responseTime":"81ms","timestamp":"2024-09-26T11:32:35.496Z","ip":"::1"}
{"method":"OPTIONS","url":"/v1/visitor/66f53498d8cc025d2f2de229","statusCode":204,"responseTime":"1ms","timestamp":"2024-09-26T11:32:36.741Z","ip":"::1"}
{"method":"OPTIONS","url":"/v1/visitor/66f53498d8cc025d2f2de229","statusCode":204,"responseTime":"0ms","timestamp":"2024-09-26T11:32:36.743Z","ip":"::1"}
{"method":"GET","url":"/v1/visitor/66f53498d8cc025d2f2de229","statusCode":304,"responseTime":"115ms","timestamp":"2024-09-26T11:32:36.860Z","ip":"::1"}
{"method":"GET","url":"/v1/visitor/66f53498d8cc025d2f2de229","statusCode":304,"responseTime":"121ms","timestamp":"2024-09-26T11:32:36.986Z","ip":"::1"}
{"method":"GET","url":"/v1/visitor/66f53498d8cc025d2f2de229","statusCode":304,"responseTime":"114ms","timestamp":"2024-09-26T11:32:40.659Z","ip":"::1"}
{"method":"GET","url":"/v1/visitor/66f53498d8cc025d2f2de229","statusCode":304,"responseTime":"118ms","timestamp":"2024-09-26T11:32:40.781Z","ip":"::1"}
{"method":"OPTIONS","url":"/v1/visitor/currentVisitors","statusCode":204,"responseTime":"1ms","timestamp":"2024-09-26T11:32:41.987Z","ip":"::1"}
{"method":"OPTIONS","url":"/v1/users","statusCode":204,"responseTime":"1ms","timestamp":"2024-09-26T11:32:41.992Z","ip":"::1"}
{"method":"OPTIONS","url":"/v1/visitor","statusCode":204,"responseTime":"0ms","timestamp":"2024-09-26T11:32:41.995Z","ip":"::1"}
{"method":"OPTIONS","url":"/v1/visitor/currentVisitors","statusCode":204,"responseTime":"0ms","timestamp":"2024-09-26T11:32:41.998Z","ip":"::1"}
{"method":"OPTIONS","url":"/v1/users","statusCode":204,"responseTime":"0ms","timestamp":"2024-09-26T11:32:42.001Z","ip":"::1"}
{"method":"OPTIONS","url":"/v1/visitor","statusCode":204,"responseTime":"1ms","timestamp":"2024-09-26T11:32:42.004Z","ip":"::1"}
{"method":"GET","url":"/v1/visitor/currentVisitors","statusCode":304,"responseTime":"41ms","timestamp":"2024-09-26T11:32:42.048Z","ip":"::1"}
{"method":"GET","url":"/v1/users","statusCode":304,"responseTime":"40ms","timestamp":"2024-09-26T11:32:42.050Z","ip":"::1"}
{"method":"GET","url":"/v1/visitor/currentVisitors","statusCode":304,"responseTime":"39ms","timestamp":"2024-09-26T11:32:42.091Z","ip":"::1"}
{"method":"GET","url":"/v1/users","statusCode":304,"responseTime":"39ms","timestamp":"2024-09-26T11:32:42.093Z","ip":"::1"}
{"method":"GET","url":"/v1/visitor","statusCode":304,"responseTime":"324ms","timestamp":"2024-09-26T11:32:42.337Z","ip":"::1"}
{"method":"GET","url":"/v1/visitor","statusCode":304,"responseTime":"80ms","timestamp":"2024-09-26T11:32:42.422Z","ip":"::1"}
{"method":"GET","url":"/v1/visitor","statusCode":304,"responseTime":"84ms","timestamp":"2024-09-26T11:32:42.508Z","ip":"::1"}
{"method":"GET","url":"/v1/visitor","statusCode":304,"responseTime":"85ms","timestamp":"2024-09-26T11:32:42.598Z","ip":"::1"}
{"method":"OPTIONS","url":"/v1/visitor?firstname=&lastname=&number=&documentId=","statusCode":204,"responseTime":"1ms","timestamp":"2024-09-26T11:32:43.966Z","ip":"::1"}
{"method":"OPTIONS","url":"/v1/visitor?firstname=&lastname=&number=&documentId=","statusCode":204,"responseTime":"1ms","timestamp":"2024-09-26T11:32:43.969Z","ip":"::1"}
{"method":"GET","url":"/v1/visitor?firstname=&lastname=&number=&documentId=","statusCode":304,"responseTime":"81ms","timestamp":"2024-09-26T11:32:44.051Z","ip":"::1"}
{"method":"GET","url":"/v1/visitor?firstname=&lastname=&number=&documentId=","statusCode":304,"responseTime":"82ms","timestamp":"2024-09-26T11:32:44.145Z","ip":"::1"}
{"method":"OPTIONS","url":"/v1/visitor/currentVisitors","statusCode":204,"responseTime":"0ms","timestamp":"2024-09-26T11:33:03.439Z","ip":"::1"}
{"method":"OPTIONS","url":"/v1/visitor","statusCode":204,"responseTime":"0ms","timestamp":"2024-09-26T11:33:03.441Z","ip":"::1"}
{"method":"OPTIONS","url":"/v1/users","statusCode":204,"responseTime":"0ms","timestamp":"2024-09-26T11:33:03.443Z","ip":"::1"}
{"method":"OPTIONS","url":"/v1/visitor","statusCode":204,"responseTime":"1ms","timestamp":"2024-09-26T11:33:03.445Z","ip":"::1"}
{"method":"OPTIONS","url":"/v1/users","statusCode":204,"responseTime":"0ms","timestamp":"2024-09-26T11:33:03.447Z","ip":"::1"}
{"method":"OPTIONS","url":"/v1/visitor/currentVisitors","statusCode":204,"responseTime":"1ms","timestamp":"2024-09-26T11:33:03.449Z","ip":"::1"}
{"method":"GET","url":"/v1/users","statusCode":304,"responseTime":"41ms","timestamp":"2024-09-26T11:33:03.497Z","ip":"::1"}
{"method":"GET","url":"/v1/visitor/currentVisitors","statusCode":304,"responseTime":"44ms","timestamp":"2024-09-26T11:33:03.504Z","ip":"::1"}
{"method":"GET","url":"/v1/users","statusCode":304,"responseTime":"38ms","timestamp":"2024-09-26T11:33:03.538Z","ip":"::1"}
{"method":"GET","url":"/v1/visitor","statusCode":304,"responseTime":"82ms","timestamp":"2024-09-26T11:33:03.540Z","ip":"::1"}
{"method":"GET","url":"/v1/visitor/currentVisitors","statusCode":304,"responseTime":"42ms","timestamp":"2024-09-26T11:33:03.549Z","ip":"::1"}
{"method":"GET","url":"/v1/visitor","statusCode":304,"responseTime":"83ms","timestamp":"2024-09-26T11:33:03.625Z","ip":"::1"}
{"method":"GET","url":"/v1/visitor","statusCode":304,"responseTime":"82ms","timestamp":"2024-09-26T11:33:03.713Z","ip":"::1"}
{"method":"GET","url":"/v1/visitor","statusCode":304,"responseTime":"80ms","timestamp":"2024-09-26T11:33:03.796Z","ip":"::1"}
{"method":"OPTIONS","url":"/v1/visitor/currentVisitors","statusCode":204,"responseTime":"1ms","timestamp":"2024-09-26T11:54:56.607Z","ip":"::1"}
{"method":"OPTIONS","url":"/v1/users","statusCode":204,"responseTime":"1ms","timestamp":"2024-09-26T11:54:56.610Z","ip":"::1"}
{"method":"OPTIONS","url":"/v1/visitor","statusCode":204,"responseTime":"1ms","timestamp":"2024-09-26T11:54:56.612Z","ip":"::1"}
{"method":"OPTIONS","url":"/v1/visitor/currentVisitors","statusCode":204,"responseTime":"0ms","timestamp":"2024-09-26T11:54:56.613Z","ip":"::1"}
{"method":"OPTIONS","url":"/v1/visitor","statusCode":204,"responseTime":"1ms","timestamp":"2024-09-26T11:54:56.616Z","ip":"::1"}
{"method":"OPTIONS","url":"/v1/users","statusCode":204,"responseTime":"0ms","timestamp":"2024-09-26T11:54:56.618Z","ip":"::1"}
{"method":"GET","url":"/v1/visitor/currentVisitors","statusCode":403,"responseTime":"3ms","timestamp":"2024-09-26T11:54:56.622Z","ip":"::1"}
{"method":"GET","url":"/v1/users","statusCode":403,"responseTime":"2ms","timestamp":"2024-09-26T11:54:56.625Z","ip":"::1"}
{"method":"GET","url":"/v1/visitor","statusCode":403,"responseTime":"4ms","timestamp":"2024-09-26T11:54:56.630Z","ip":"::1"}
{"method":"GET","url":"/v1/visitor/currentVisitors","statusCode":403,"responseTime":"2ms","timestamp":"2024-09-26T11:54:56.636Z","ip":"::1"}
{"method":"GET","url":"/v1/users","statusCode":403,"responseTime":"2ms","timestamp":"2024-09-26T11:54:56.640Z","ip":"::1"}
{"method":"GET","url":"/v1/visitor","statusCode":403,"responseTime":"3ms","timestamp":"2024-09-26T11:54:56.645Z","ip":"::1"}
{"method":"GET","url":"/v1/visitor","statusCode":403,"responseTime":"1ms","timestamp":"2024-09-26T11:54:56.655Z","ip":"::1"}
{"method":"GET","url":"/v1/users/serverStat","statusCode":304,"responseTime":"43ms","timestamp":"2024-09-26T11:54:57.216Z","ip":"::1"}
{"method":"GET","url":"/v1/users/serverStat","statusCode":304,"responseTime":"45ms","timestamp":"2024-09-26T11:54:57.266Z","ip":"::1"}
{"method":"OPTIONS","url":"/v1/users/login","statusCode":204,"responseTime":"1ms","timestamp":"2024-09-26T11:56:07.617Z","ip":"::1"}
{"method":"POST","url":"/v1/users/login","statusCode":200,"responseTime":"100ms","timestamp":"2024-09-26T11:56:07.720Z","ip":"::1"}
{"method":"OPTIONS","url":"/v1/visitor/currentVisitors","statusCode":204,"responseTime":"1ms","timestamp":"2024-09-26T11:56:07.755Z","ip":"::1"}
{"method":"OPTIONS","url":"/v1/visitor","statusCode":204,"responseTime":"1ms","timestamp":"2024-09-26T11:56:07.759Z","ip":"::1"}
{"method":"OPTIONS","url":"/v1/users/getCurrentUser","statusCode":204,"responseTime":"1ms","timestamp":"2024-09-26T11:56:07.763Z","ip":"::1"}
{"method":"OPTIONS","url":"/v1/visitor","statusCode":204,"responseTime":"0ms","timestamp":"2024-09-26T11:56:07.765Z","ip":"::1"}
{"method":"OPTIONS","url":"/v1/visitor/currentVisitors","statusCode":204,"responseTime":"0ms","timestamp":"2024-09-26T11:56:07.767Z","ip":"::1"}
{"method":"GET","url":"/v1/users/serverStat","statusCode":304,"responseTime":"41ms","timestamp":"2024-09-26T11:56:08.334Z","ip":"::1"}
{"method":"GET","url":"/v1/users/getCurrentUser","statusCode":304,"responseTime":"43ms","timestamp":"2024-09-26T11:56:08.337Z","ip":"::1"}
{"method":"OPTIONS","url":"/v1/users","statusCode":204,"responseTime":"0ms","timestamp":"2024-09-26T11:56:08.352Z","ip":"::1"}
{"method":"OPTIONS","url":"/uploads/profile/ComfyUI_00021_.png-1727343982382.png","statusCode":204,"responseTime":"0ms","timestamp":"2024-09-26T11:56:08.354Z","ip":"::1"}
{"method":"OPTIONS","url":"/uploads/profile/ComfyUI_00021_.png-1727343982382.png","statusCode":204,"responseTime":"0ms","timestamp":"2024-09-26T11:56:08.355Z","ip":"::1"}
{"method":"OPTIONS","url":"/v1/users","statusCode":204,"responseTime":"0ms","timestamp":"2024-09-26T11:56:08.356Z","ip":"::1"}
{"method":"GET","url":"/uploads/profile/ComfyUI_00021_.png-1727343982382.png","statusCode":304,"responseTime":"2ms","timestamp":"2024-09-26T11:56:08.374Z","ip":"::1"}
{"method":"GET","url":"/v1/users/serverStat","statusCode":304,"responseTime":"40ms","timestamp":"2024-09-26T11:56:08.378Z","ip":"::1"}
{"method":"GET","url":"/v1/users/getCurrentUser","statusCode":304,"responseTime":"42ms","timestamp":"2024-09-26T11:56:08.381Z","ip":"::1"}
{"method":"GET","url":"/uploads/profile/ComfyUI_00021_.png-1727343982382.png","statusCode":304,"responseTime":"1ms","timestamp":"2024-09-26T11:56:08.402Z","ip":"::1"}
{"method":"GET","url":"/v1/visitor/currentVisitors","statusCode":200,"responseTime":"40ms","timestamp":"2024-09-26T11:56:08.406Z","ip":"::1"}
{"method":"GET","url":"/uploads/profile/ComfyUI_00021_.png-1727343982382.png","statusCode":304,"responseTime":"5ms","timestamp":"2024-09-26T11:56:08.414Z","ip":"::1"}
{"method":"GET","url":"/v1/visitor","statusCode":200,"responseTime":"82ms","timestamp":"2024-09-26T11:56:08.446Z","ip":"::1"}
{"method":"GET","url":"/v1/visitor/currentVisitors","statusCode":304,"responseTime":"41ms","timestamp":"2024-09-26T11:56:08.451Z","ip":"::1"}
{"method":"GET","url":"/v1/visitor","statusCode":304,"responseTime":"84ms","timestamp":"2024-09-26T11:56:08.536Z","ip":"::1"}
{"method":"GET","url":"/v1/users","statusCode":200,"responseTime":"420ms","timestamp":"2024-09-26T11:56:08.789Z","ip":"::1"}
{"method":"GET","url":"/v1/users","statusCode":304,"responseTime":"41ms","timestamp":"2024-09-26T11:56:08.836Z","ip":"::1"}
{"method":"GET","url":"/v1/users","statusCode":304,"responseTime":"43ms","timestamp":"2024-09-26T11:56:08.881Z","ip":"::1"}
{"method":"GET","url":"/v1/visitor","statusCode":304,"responseTime":"84ms","timestamp":"2024-09-26T11:56:08.883Z","ip":"::1"}
{"method":"GET","url":"/v1/visitor","statusCode":304,"responseTime":"81ms","timestamp":"2024-09-26T11:56:08.967Z","ip":"::1"}
{"method":"GET","url":"/v1/visitor","statusCode":304,"responseTime":"83ms","timestamp":"2024-09-26T11:56:09.054Z","ip":"::1"}
{"method":"OPTIONS","url":"/v1/visitor?firstname=&lastname=&number=&documentId=","statusCode":204,"responseTime":"1ms","timestamp":"2024-09-26T11:56:09.126Z","ip":"::1"}
{"method":"OPTIONS","url":"/v1/visitor?firstname=&lastname=&number=&documentId=","statusCode":204,"responseTime":"1ms","timestamp":"2024-09-26T11:56:09.128Z","ip":"::1"}
{"method":"GET","url":"/v1/visitor?firstname=&lastname=&number=&documentId=","statusCode":304,"responseTime":"85ms","timestamp":"2024-09-26T11:56:09.214Z","ip":"::1"}
{"method":"GET","url":"/v1/visitor?firstname=&lastname=&number=&documentId=","statusCode":304,"responseTime":"81ms","timestamp":"2024-09-26T11:56:09.297Z","ip":"::1"}
{"method":"OPTIONS","url":"/v1/visitor/66f53498d8cc025d2f2de229","statusCode":204,"responseTime":"0ms","timestamp":"2024-09-26T11:56:10.973Z","ip":"::1"}
{"method":"OPTIONS","url":"/v1/visitor/66f53498d8cc025d2f2de229","statusCode":204,"responseTime":"0ms","timestamp":"2024-09-26T11:56:10.976Z","ip":"::1"}
{"method":"GET","url":"/v1/visitor/66f53498d8cc025d2f2de229","statusCode":304,"responseTime":"117ms","timestamp":"2024-09-26T11:56:11.095Z","ip":"::1"}
{"method":"GET","url":"/v1/visitor/66f53498d8cc025d2f2de229","statusCode":304,"responseTime":"122ms","timestamp":"2024-09-26T11:56:11.220Z","ip":"::1"}
{"method":"OPTIONS","url":"/v1/visitor/entriesToday","statusCode":204,"responseTime":"1ms","timestamp":"2024-09-26T12:00:17.704Z","ip":"::1"}
{"method":"OPTIONS","url":"/v1/visitor/entriesToday","statusCode":204,"responseTime":"1ms","timestamp":"2024-09-26T12:00:17.707Z","ip":"::1"}
{"method":"GET","url":"/v1/visitor/entriesToday","statusCode":200,"responseTime":"43ms","timestamp":"2024-09-26T12:00:17.756Z","ip":"::1"}
{"method":"GET","url":"/v1/visitor/entriesToday","statusCode":304,"responseTime":"41ms","timestamp":"2024-09-26T12:00:17.804Z","ip":"::1"}
{"method":"OPTIONS","url":"/v1/visitor/allEntries","statusCode":204,"responseTime":"1ms","timestamp":"2024-09-26T12:00:20.566Z","ip":"::1"}
{"method":"OPTIONS","url":"/v1/visitor/allEntries","statusCode":204,"responseTime":"0ms","timestamp":"2024-09-26T12:00:20.568Z","ip":"::1"}
{"method":"GET","url":"/v1/visitor/allEntries","statusCode":200,"responseTime":"44ms","timestamp":"2024-09-26T12:00:20.614Z","ip":"::1"}
{"method":"GET","url":"/v1/visitor/allEntries","statusCode":304,"responseTime":"43ms","timestamp":"2024-09-26T12:00:20.662Z","ip":"::1"}
{"method":"OPTIONS","url":"/v1/visitor/allEntries?date=2024-09-24T18:15:00.000Z","statusCode":204,"responseTime":"0ms","timestamp":"2024-09-26T12:00:23.969Z","ip":"::1"}
{"method":"GET","url":"/v1/visitor/allEntries?date=2024-09-24T18:15:00.000Z","statusCode":200,"responseTime":"41ms","timestamp":"2024-09-26T12:00:24.014Z","ip":"::1"}
{"method":"OPTIONS","url":"/v1/visitor/allEntries?date=2024-09-25T18:15:00.000Z","statusCode":204,"responseTime":"1ms","timestamp":"2024-09-26T12:00:25.680Z","ip":"::1"}
{"method":"GET","url":"/v1/visitor/allEntries?date=2024-09-25T18:15:00.000Z","statusCode":200,"responseTime":"40ms","timestamp":"2024-09-26T12:00:25.724Z","ip":"::1"}
